[debug] [2025-12-12T05:34:46.016Z] ----------------------------------------------------------------------
[debug] [2025-12-12T05:34:46.021Z] Command:       /usr/local/bin/firebase /Users/danilonovais/.cache/firebase/tools/lib/node_modules/firebase-tools/lib/bin/firebase init hosting
[debug] [2025-12-12T05:34:46.021Z] CLI Version:   14.22.0
[debug] [2025-12-12T05:34:46.021Z] Platform:      darwin
[debug] [2025-12-12T05:34:46.021Z] Node Version:  v20.18.2
[debug] [2025-12-12T05:34:46.022Z] Time:          Fri Dec 12 2025 02:34:46 GMT-0300 (Brasilia Standard Time)
[debug] [2025-12-12T05:34:46.022Z] ----------------------------------------------------------------------
[debug] 
[info] 
     ######## #### ########  ######## ########     ###     ######  ########
     ##        ##  ##     ## ##       ##     ##  ##   ##  ##       ##
     ######    ##  ########  ######   ########  #########  ######  ######
     ##        ##  ##    ##  ##       ##     ## ##     ##       ## ##
     ##       #### ##     ## ######## ########  ##     ##  ######  ########

You're about to initialize a Firebase project in this directory:

  /Users/danilonovais/_danilonov_portfolio

Before we get started, keep in mind:

  * You are initializing within an existing Firebase project directory

[info] 
=== Project Setup
[info] 
[info] First, let's associate this project directory with a Firebase project.
[info] You can create multiple project aliases by running firebase use --add, 
[info] 
[debug] [2025-12-12T05:34:46.267Z] > command requires scopes: ["email","openid","https://www.googleapis.com/auth/cloudplatformprojects.readonly","https://www.googleapis.com/auth/firebase","https://www.googleapis.com/auth/cloud-platform"]
[debug] [2025-12-12T05:34:46.268Z] > authorizing via signed-in user (dannovaisv@gmail.com)
[debug] [2025-12-12T05:34:46.271Z] Checked if tokens are valid: true, expires at: 1765520752699
[debug] [2025-12-12T05:34:46.272Z] Checked if tokens are valid: true, expires at: 1765520752699
[debug] [2025-12-12T05:34:46.273Z] >>> [apiv2][query] GET https://firebase.googleapis.com/v1beta1/projects/portfolio-danilo-novais [none]
[debug] [2025-12-12T05:34:47.073Z] <<< [apiv2][status] GET https://firebase.googleapis.com/v1beta1/projects/portfolio-danilo-novais 200
[debug] [2025-12-12T05:34:47.074Z] <<< [apiv2][body] GET https://firebase.googleapis.com/v1beta1/projects/portfolio-danilo-novais {"projectId":"portfolio-danilo-novais","projectNumber":"350817205989","displayName":"Portfolio Danilo Novais","name":"projects/portfolio-danilo-novais","resources":{"hostingSite":"portfolio-danilo-novais","realtimeDatabaseInstance":"portfolio-danilo-novais-default-rtdb"},"state":"ACTIVE","etag":"1_8228a080-6dec-4334-ac90-5934755a5e83"}
[info] i  Using project portfolio-danilo-novais (Portfolio Danilo Novais) . 
[info] 
=== Hosting Setup
[debug] [2025-12-12T05:34:47.092Z] Checked if tokens are valid: true, expires at: 1765520752699
[debug] [2025-12-12T05:34:47.092Z] Checked if tokens are valid: true, expires at: 1765520752699
[debug] [2025-12-12T05:34:47.092Z] >>> [apiv2][query] GET https://firebase.googleapis.com/v1beta1/projects/portfolio-danilo-novais [none]
[debug] [2025-12-12T05:34:47.474Z] <<< [apiv2][status] GET https://firebase.googleapis.com/v1beta1/projects/portfolio-danilo-novais 200
[debug] [2025-12-12T05:34:47.474Z] <<< [apiv2][body] GET https://firebase.googleapis.com/v1beta1/projects/portfolio-danilo-novais {"projectId":"portfolio-danilo-novais","projectNumber":"350817205989","displayName":"Portfolio Danilo Novais","name":"projects/portfolio-danilo-novais","resources":{"hostingSite":"portfolio-danilo-novais","realtimeDatabaseInstance":"portfolio-danilo-novais-default-rtdb"},"state":"ACTIVE","etag":"1_8228a080-6dec-4334-ac90-5934755a5e83"}
[info] 
[info] i  Detected a .git folder at /Users/danilonovais/_danilonov_portfolio 
[info] i  Authorizing with GitHub to upload your service account to a GitHub repository's secrets store. 
[info] 
[info] Visit this URL on this device to log in:
[info] https://github.com/login/oauth/authorize?client_id=89cf50f02ac6aaed3484&state=986779293&redirect_uri=http%3A%2F%2Flocalhost%3A9005&scope=read%3Auser%20repo%20public_repo
[info] 
[info] Waiting for authentication...
[debug] [2025-12-12T05:35:00.784Z] >>> [apiv2][query] POST https://github.com/login/oauth/access_token [none]
[debug] [2025-12-12T05:35:00.784Z] >>> [apiv2][body] POST https://github.com/login/oauth/access_token [stream]
[debug] [2025-12-12T05:35:01.293Z] <<< [apiv2][status] POST https://github.com/login/oauth/access_token 200
[debug] [2025-12-12T05:35:01.294Z] <<< [apiv2][body] POST https://github.com/login/oauth/access_token {"access_token":"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","token_type":"bearer","scope":"read:user,repo"}
[debug] [2025-12-12T05:35:01.304Z] >>> [apiv2][query] GET https://api.github.com/user [none]
[debug] [2025-12-12T05:35:01.873Z] <<< [apiv2][status] GET https://api.github.com/user 200
[debug] [2025-12-12T05:35:01.879Z] <<< [apiv2][body] GET https://api.github.com/user {"login":"danilonovaisv","id":140909356,"node_id":"U_kgDOCGYbLA","avatar_url":"https://avatars.githubusercontent.com/u/140909356?v=4","gravatar_id":"","url":"https://api.github.com/users/danilonovaisv","html_url":"https://github.com/danilonovaisv","followers_url":"https://api.github.com/users/danilonovaisv/followers","following_url":"https://api.github.com/users/danilonovaisv/following{/other_user}","gists_url":"https://api.github.com/users/danilonovaisv/gists{/gist_id}","starred_url":"https://api.github.com/users/danilonovaisv/starred{/owner}{/repo}","subscriptions_url":"https://api.github.com/users/danilonovaisv/subscriptions","organizations_url":"https://api.github.com/users/danilonovaisv/orgs","repos_url":"https://api.github.com/users/danilonovaisv/repos","events_url":"https://api.github.com/users/danilonovaisv/events{/privacy}","received_events_url":"https://api.github.com/users/danilonovaisv/received_events","type":"User","user_view_type":"private","site_admin":false,"name":"Danilo Novais","company":"All Set Comunicação","blog":"","location":"São Paulo","email":null,"hireable":null,"bio":null,"twitter_username":null,"notification_email":null,"public_repos":60,"public_gists":6,"followers":0,"following":18,"created_at":"2023-07-29T16:37:22Z","updated_at":"2025-11-26T14:20:11Z","private_gists":5,"total_private_repos":34,"owned_private_repos":34,"disk_usage":1625717,"collaborators":0,"two_factor_authentication":true,"plan":{"name":"pro","space":976562499,"collaborators":0,"private_repos":9999}}
[info] 
[info] ✔  Success! Logged into GitHub as danilonovaisv 
[info] 
